<?xml version="1.0" encoding="UTF-8"?>
<!-- Generated by org.testng.reporters.JUnitReportReporter -->
<testsuite hostname="LTIN509473" failures="0" tests="3" name="testRunner.TestRunner" time="58.847" errors="0" timestamp="2024-11-06T12:10:50 IST" skipped="0">
  <testcase classname="testRunner.TestRunner" name="runScenario" time="20.842"/>
  <system-out/>
  <testcase classname="testRunner.TestRunner" name="runScenario" time="23.360"/>
  <system-out/>
  <testcase classname="testRunner.TestRunner" name="runScenario" time="14.645"/>
  <system-out/>
</testsuite> <!-- testRunner.TestRunner -->
